<?xml version="1.0" encoding="UTF-8"?>
<!-- Generated by org.testng.reporters.JUnitReportReporter -->
<testsuite hostname="Mohan" failures="0" tests="1" name="com.shopclues.qa.testcases.Scenario2_SearchForVariousProducts" time="273.200" errors="0" timestamp="2021-06-02T20:23:02 IST" skipped="0">
  <testcase classname="com.shopclues.qa.testcases.Scenario2_SearchForVariousProducts" name="searchProductsTest" time="273.200"/>
  <system-out/>
</testsuite> <!-- com.shopclues.qa.testcases.Scenario2_SearchForVariousProducts -->
