<?xml version="1.0" encoding="UTF-8"?>
<!-- Generated by org.testng.reporters.JUnitReportReporter -->
<testsuite hostname="Mohan" failures="0" tests="1" name="com.shopclues.qa.testcases.Scenario1_LoginTest" time="157.212" errors="0" timestamp="2021-06-02T20:23:02 IST" skipped="0">
  <testcase classname="com.shopclues.qa.testcases.Scenario1_LoginTest" name="newTest" time="157.212"/>
  <system-out/>
</testsuite> <!-- com.shopclues.qa.testcases.Scenario1_LoginTest -->
